2025-03-12 12:34:28,490 - proposal_monitor - INFO - Starting proposal monitor
2025-03-12 12:34:28,490 - proposal_monitor - INFO - Checking for unprocessed files in proposals directory
2025-03-12 12:34:28,490 - proposal_monitor - INFO - Found unprocessed file: questionId_48a549bc.json
2025-03-12 12:34:28,490 - proposal_monitor - INFO - Processing proposal: questionId_48a549bc.json
2025-03-12 12:34:28,490 - proposal_monitor - INFO - Querying Perplexity API for questionId_48a549bc.json
2025-03-12 12:36:01,638 - httpx - INFO - HTTP Request: POST https://api.perplexity.ai/chat/completions "HTTP/1.1 200 OK"
2025-03-12 12:36:01,646 - proposal_monitor - INFO - API response received in 93.16 seconds
2025-03-12 12:36:01,649 - proposal_monitor - INFO - Output saved to /Users/chris/uma/large-language-oracle/proposal_replayer/outputs/output_48a549bc.json with recommendation: p1
2025-03-12 12:36:01,649 - proposal_monitor - INFO - Found unprocessed file: questionId_15c1e3c6.json
2025-03-12 12:36:01,649 - proposal_monitor - INFO - Processing proposal: questionId_15c1e3c6.json
2025-03-12 12:36:01,649 - proposal_monitor - INFO - Querying Perplexity API for questionId_15c1e3c6.json
2025-03-12 12:37:11,971 - httpx - INFO - HTTP Request: POST https://api.perplexity.ai/chat/completions "HTTP/1.1 200 OK"
2025-03-12 12:37:11,973 - proposal_monitor - INFO - API response received in 70.32 seconds
2025-03-12 12:37:11,974 - proposal_monitor - INFO - Output saved to /Users/chris/uma/large-language-oracle/proposal_replayer/outputs/output_15c1e3c6.json with recommendation: p2
2025-03-12 12:37:11,975 - proposal_monitor - INFO - Watching directory: /Users/chris/uma/large-language-oracle/proposals
2025-03-12 12:42:15,961 - proposal_monitor - INFO - Stopping monitor due to keyboard interrupt
2025-03-12 12:42:15,961 - proposal_monitor - INFO - Proposal monitor stopped
2025-03-12 12:55:29,095 - proposal_monitor - INFO - Starting proposal monitor
2025-03-12 12:55:29,095 - proposal_monitor - INFO - Checking for unprocessed files in proposals directory
2025-03-12 12:55:29,097 - proposal_monitor - INFO - Watching directory: /Users/chris/uma/large-language-oracle/proposals
2025-03-12 12:55:33,197 - proposal_monitor - INFO - Starting proposal monitor
2025-03-12 12:55:33,197 - proposal_monitor - INFO - Checking for unprocessed files in proposals directory
2025-03-12 12:55:33,198 - proposal_monitor - INFO - Watching directory: /Users/chris/uma/large-language-oracle/proposals
2025-03-12 12:55:37,624 - proposal_monitor - INFO - Stopping monitor due to keyboard interrupt
2025-03-12 12:55:37,626 - proposal_monitor - INFO - Proposal monitor stopped
2025-03-12 12:57:02,983 - proposal_monitor - INFO - Stopping monitor due to keyboard interrupt
2025-03-12 12:57:02,985 - proposal_monitor - INFO - Proposal monitor stopped
